[ 2017-04-18T09:25:25+08:00 ] ::1 /zhaosheng/index.php/Admin/Article/insert
ERR: 1364:Field 'author' doesn't have a default value
 [ SQL语句 ] : INSERT INTO `article` (`title`,`category`,`status`,`content`,`update_at`) VALUES ('东方卫视v','academy','1','&lt;p&gt;为天文台&lt;/p&gt;','1492478725')

[ 2017-04-18T09:27:50+08:00 ] ::1 /zhaosheng/index.php/Admin/Article/insert
ERR: 1048:Column 'author' cannot be null
 [ SQL语句 ] : INSERT INTO `article` (`title`,`author`,`category`,`status`,`content`,`update_at`) VALUES ('东方卫视v',NULL,'academy','1','&lt;p&gt;为天文台&lt;/p&gt;','1492478870')

[ 2017-04-18T09:28:04+08:00 ] ::1 /zhaosheng/index.php/Admin/Article/insert
ERR: 1048:Column 'author' cannot be null
 [ SQL语句 ] : INSERT INTO `article` (`title`,`author`,`category`,`status`,`content`,`update_at`) VALUES ('东方卫视v',NULL,'academy','1','&lt;p&gt;要回家团圆&lt;/p&gt;','1492478884')

[ 2017-04-18T09:28:38+08:00 ] ::1 /zhaosheng/index.php/Admin/Article/insert
ERR: 1048:Column 'author' cannot be null
 [ SQL语句 ] : INSERT INTO `article` (`title`,`author`,`category`,`status`,`content`,`update_at`) VALUES ('东方卫视v',NULL,'academy','1','&lt;p&gt;要回家团圆&lt;/p&gt;','1492478918')

[ 2017-04-18T09:29:24+08:00 ] ::1 /zhaosheng/index.php/Admin/Article/insert
ERR: syntax error, unexpected ')'

[ 2017-04-18T09:29:34+08:00 ] ::1 /zhaosheng/index.php/Admin/Article/insert
ERR: 1048:Column 'author' cannot be null
 [ SQL语句 ] : INSERT INTO `article` (`title`,`author`,`category`,`status`,`content`,`update_at`) VALUES ('东方卫视v',NULL,'academy','1','&lt;p&gt;要回家团圆&lt;/p&gt;','1492478974')

[ 2017-04-18T09:29:49+08:00 ] ::1 /zhaosheng/index.php/Admin/Article/insert
ERR: syntax error, unexpected ')', expecting ';'

[ 2017-04-18T09:44:22+08:00 ] ::1 /zhaosheng/index.php/Admin/Photo/insert
ERR: 1364:Field 'url' doesn't have a default value
 [ SQL语句 ] : INSERT INTO `photo` (`note`,`status`,`update_at`) VALUES ('拖后腿','1','1492479862')

[ 2017-04-18T09:45:16+08:00 ] ::1 /zhaosheng/index.php/Admin/Photo/insert
ERR: 1364:Field 'url' doesn't have a default value
 [ SQL语句 ] : INSERT INTO `photo` (`note`,`author`,`status`,`update_at`) VALUES ('拖后腿','admin','1','1492479916')

